Info: CustomCategory:all: 452 mini seconds publishing element
Info: : 1248 mini-second(s) publishing element DeliveryProcess:Processo[CoinsWay\deliveryprocesses\Processo_48546145.html]
Info: DeliveryProcess:Processo: 1248 mini seconds publishing element
Info: DeliveryProcess:Processo: 390 mini seconds publishing process specific layout data
Info: Phase:Semana (Ciclo): 280 mini seconds publishing element
Info: Activity:Entendimento e Planejamento: 218 mini seconds publishing element
Info: Activity:Levantar Requisitos: 203 mini seconds publishing element
Info: Activity:Implementar Funcionalidades: 187 mini seconds publishing element
Info: Activity:Aprovar Implementações: 218 mini seconds publishing element
Info: Activity:Colocar Funcionalidade em Produção: 234 mini seconds publishing element
Info: RoleSet:todos_os_papis: 16 mini seconds publishing element
Info: Role:administradores: 936 mini seconds publishing element
Info: Role:desenvolvedores: 62 mini seconds publishing element
Info: Role:gerente: 47 mini seconds publishing element
Info: Role:operadores: 47 mini seconds publishing element
Info: TaskDescriptor:reunio_semanal_presencial: 203 mini seconds publishing element
Info: TaskDescriptor:repriorizao_das_funcionalidades: 31 mini seconds publishing element
Info: TaskDescriptor:detalhar_uma_funcionalidade_mal_entendida: 62 mini seconds publishing element
Info: TaskDescriptor:escrever_histria_de_usurio: 63 mini seconds publishing element
Info: TaskDescriptor:analisar_histria_de_usurio_de_um_operador: 31 mini seconds publishing element
Info: TaskDescriptor:analisar_viabilidade_da_historia_de_usuario: 31 mini seconds publishing element
Info: TaskDescriptor:implementar_uma_funcionalidade: 31 mini seconds publishing element
Info: TaskDescriptor:escrever_e_rodar_testes_unitrios: 47 mini seconds publishing element
Info: TaskDescriptor:teste_do_gerente: 31 mini seconds publishing element
Info: TaskDescriptor:teste_do_usurio: 47 mini seconds publishing element
Info: TaskDescriptor:backup_da_verso_de_produo: 31 mini seconds publishing element
Info: TaskDescriptor:preparar_banco_de_produo_para_nova_funcionalidade: 47 mini seconds publishing element
Info: TaskDescriptor:backup_do_banco_para_testes_em_produo: 31 mini seconds publishing element
Info: TaskDescriptor:subir_nova_funcionalidade_para_produo: 32 mini seconds publishing element
Info: TaskDescriptor:testar_funcionalidade_em_produo: 31 mini seconds publishing element
Info: TaskDescriptor:restaurar_backup_da_verso_da_ltima_verso_de_produo: 31 mini seconds publishing element
Info: TaskDescriptor:restaurar_backup_do_banco_feito_antes_dos_testes: 49 mini seconds publishing element
Info: TaskDescriptor:comunicar_que_a_funcionalidade_est_em_produo: 31 mini seconds publishing element
Info: RoleDescriptor:administradores: 156 mini seconds publishing element
Info: RoleDescriptor:desenvolvedores: 47 mini seconds publishing element
Info: RoleDescriptor:gerente: 31 mini seconds publishing element
Info: RoleDescriptor:operadores: 31 mini seconds publishing element
Info: WorkProductDescriptor:backup_do_banco_de_dados: 250 mini seconds publishing element
Info: WorkProductDescriptor:backup_do_cdigo_em_produo: 31 mini seconds publishing element
Info: WorkProductDescriptor:bom_relacionamento_entre_os_stakeholders: 31 mini seconds publishing element
Info: WorkProductDescriptor:comunicado_sobre_funcionalidade_em_produo: 31 mini seconds publishing element
Info: WorkProductDescriptor:descrio_detalhada_de_uma_funcionalidade: 31 mini seconds publishing element
Info: WorkProductDescriptor:estabilidade: 31 mini seconds publishing element
Info: WorkProductDescriptor:funcionalidade: 32 mini seconds publishing element
Info: WorkProductDescriptor:gravao_explicativo: 46 mini seconds publishing element
Info: WorkProductDescriptor:historia_de_usuario: 63 mini seconds publishing element
Info: WorkProductDescriptor:rascunho_de_interface: 31 mini seconds publishing element
Info: WorkProductDescriptor:testes_unitrios: 31 mini seconds publishing element
Info: WorkProductDescriptor:todos_tero_um_entendimento_claro_do_sistema: 31 mini seconds publishing element
Info: WorkProductDescriptor:usurios_pouparo_tempo_antes_desperdiado_fora_do_sistema: 47 mini seconds publishing element
Info: RoleDescriptor:administradores: 47 mini seconds publishing element
Info: RoleDescriptor:desenvolvedores: 31 mini seconds publishing element
Info: RoleDescriptor:gerente: 31 mini seconds publishing element
Info: RoleDescriptor:operadores: 78 mini seconds publishing element
Info: WorkProductDescriptor:historia_de_usuario: 63 mini seconds publishing element
Info: RoleDescriptor:desenvolvedores: 31 mini seconds publishing element
Info: RoleDescriptor:gerente: 31 mini seconds publishing element
Info: WorkProductDescriptor:descrio_detalhada_de_uma_funcionalidade: 31 mini seconds publishing element
Info: WorkProductDescriptor:funcionalidade: 32 mini seconds publishing element
Info: WorkProductDescriptor:gravao_explicativo: 93 mini seconds publishing element
Info: WorkProductDescriptor:historia_de_usuario: 63 mini seconds publishing element
Info: WorkProductDescriptor:rascunho_de_interface: 31 mini seconds publishing element
Info: RoleDescriptor:administradores: 31 mini seconds publishing element
Info: RoleDescriptor:gerente: 31 mini seconds publishing element
Info: RoleDescriptor:operadores: 31 mini seconds publishing element
Info: WorkProductDescriptor:funcionalidade: 47 mini seconds publishing element
Info: RoleDescriptor:desenvolvedores: 31 mini seconds publishing element
Info: RoleDescriptor:gerente: 32 mini seconds publishing element
Info: WorkProductDescriptor:bom_relacionamento_entre_os_stakeholders: 46 mini seconds publishing element
Info: WorkProductDescriptor:funcionalidade: 32 mini seconds publishing element
Info: WorkProductDescriptor:todos_tero_um_entendimento_claro_do_sistema: 31 mini seconds publishing element
Info: Task:analisar_histria_de_usurio_de_um_operador: 187 mini seconds publishing element
Info: Task:escrever_histria_de_usurio: 16 mini seconds publishing element
Info: Task:repriorizao_das_funcionalidades: 15 mini seconds publishing element
Info: Task:reunio_semanal_presencial: 16 mini seconds publishing element
Info: Task:teste_do_usurio: 15 mini seconds publishing element
Info: Task:detalhar_uma_funcionalidade_mal_entendida: 16 mini seconds publishing element
Info: Outcome:bom_relacionamento_entre_os_stakeholders: 187 mini seconds publishing element
Info: Deliverable:funcionalidade: 281 mini seconds publishing element
Info: Artifact:historia_de_usuario: 203 mini seconds publishing element
Info: Outcome:todos_tero_um_entendimento_claro_do_sistema: 15 mini seconds publishing element
Info: Task:backup_da_verso_de_produo: 16 mini seconds publishing element
Info: Task:backup_do_banco_para_testes_em_produo: 47 mini seconds publishing element
Info: Task:escrever_e_rodar_testes_unitrios: 31 mini seconds publishing element
Info: Task:implementar_uma_funcionalidade: 16 mini seconds publishing element
Info: Task:preparar_banco_de_produo_para_nova_funcionalidade: 15 mini seconds publishing element
Info: Task:restaurar_backup_da_verso_da_ltima_verso_de_produo: 16 mini seconds publishing element
Info: Task:restaurar_backup_do_banco_feito_antes_dos_testes: 15 mini seconds publishing element
Info: Task:subir_nova_funcionalidade_para_produo: 16 mini seconds publishing element
Info: Task:testar_funcionalidade_em_produo: 16 mini seconds publishing element
Info: Task:analisar_viabilidade_da_historia_de_usuario: 15 mini seconds publishing element
Info: Artifact:backup_do_banco_de_dados: 16 mini seconds publishing element
Info: Artifact:backup_do_cdigo_em_produo: 15 mini seconds publishing element
Info: Outcome:estabilidade: 16 mini seconds publishing element
Info: Artifact:testes_unitrios: 16 mini seconds publishing element
Info: Outcome:usurios_pouparo_tempo_antes_desperdiado_fora_do_sistema: 15 mini seconds publishing element
Info: Task:comunicar_que_a_funcionalidade_est_em_produo: 16 mini seconds publishing element
Info: Task:teste_do_gerente: 15 mini seconds publishing element
Info: Artifact:comunicado_sobre_funcionalidade_em_produo: 16 mini seconds publishing element
Info: Artifact:descrio_detalhada_de_uma_funcionalidade: 16 mini seconds publishing element
Info: Artifact:gravao_explicativo: 15 mini seconds publishing element
Info: Artifact:rascunho_de_interface: 16 mini seconds publishing element
Info: : Publishing time: 0 minutes 15 seconds
