Warning: DeliveryProcess:CicloDeVidaFMCPA: missing resource file './../../FMCPA/deliveryprocesses/Avalia&ccedil;&atilde;o_ECD48994.html'
Warning: DeliveryProcess:CicloDeVidaFMCPA: missing resource file './../../FMCPA/deliveryprocesses/Avalia&ccedil;&atilde;o_ECD48994.html'
Warning: Phase:Avaliação: missing resource file './../../FMCPA/deliveryprocesses/resources/Avalia&ccedil;&atilde;o_ECD48994_Activity.jpeg'
Warning: Phase:Avaliação: missing resource file './../../FMCPA/deliveryprocesses/1. Planejamneto De Avalia&ccedil;&atilde;o_3755B89B.html'
Warning: Phase:Avaliação: missing resource file './../../FMCPA/deliveryprocesses/2. Execu&ccedil;&atilde;o Da Avalia&ccedil;&atilde;o_51565A66.html'
Warning: Phase:Avaliação: missing resource file './../../FMCPA/deliveryprocesses/3. An&aacute;lise Dos Resultados_5A96EFD4.html'
Warning: Phase:Avaliação: missing resource file './../../FMCPA/deliveryprocesses/resources/Avalia&ccedil;&atilde;o_ECD48994_Activity.jpeg'
Warning: Phase:Avaliação: missing resource file './../../FMCPA/deliveryprocesses/1. Planejamneto De Avalia&ccedil;&atilde;o_3755B89B.html'
Warning: Phase:Avaliação: missing resource file './../../FMCPA/deliveryprocesses/2. Execu&ccedil;&atilde;o Da Avalia&ccedil;&atilde;o_51565A66.html'
Warning: Phase:Avaliação: missing resource file './../../FMCPA/deliveryprocesses/3. An&aacute;lise Dos Resultados_5A96EFD4.html'
Warning: Activity:1. Planejamneto De Avaliação: missing resource file './../../FMCPA/deliveryprocesses/Avalia&ccedil;&atilde;o_ECD48994.html'
Warning: Activity:2. Execução Da Avaliação: missing resource file './../../FMCPA/deliveryprocesses/Avalia&ccedil;&atilde;o_ECD48994.html'
Warning: Activity:3. Análise Dos Resultados: missing resource file './../../FMCPA/deliveryprocesses/Avalia&ccedil;&atilde;o_ECD48994.html'
Warning: Activity:4. Planejamento Da Melhoria: missing resource file './../../FMCPA/deliveryprocesses/Avalia&ccedil;&atilde;o_ECD48994.html'
Warning: Phase:Melhoria: missing resource file './../../FMCPA/deliveryprocesses/5. Inclus&atilde;o_654A3C2E.html'
Warning: Phase:Melhoria: missing resource file './../../FMCPA/deliveryprocesses/6. Execu&ccedil;&atilde;o_201273AD.html'
Warning: Phase:Melhoria: missing resource file './../../FMCPA/deliveryprocesses/7. Revis&atilde;o_671E865F.html'
Warning: Phase:Melhoria: missing resource file './../../FMCPA/deliveryprocesses/5. Inclus&atilde;o_654A3C2E.html'
Warning: Phase:Melhoria: missing resource file './../../FMCPA/deliveryprocesses/6. Execu&ccedil;&atilde;o_201273AD.html'
Warning: Phase:Melhoria: missing resource file './../../FMCPA/deliveryprocesses/7. Revis&atilde;o_671E865F.html'
Warning: CustomCategory:Tasks: Empty content category element not published.
Warning: CustomCategory:Roles: Empty content category element not published.
Warning: CustomCategory:Work Products: Empty content category element not published.
